<?xml version="1.0" encoding="UTF-8" ?>
<testsuite failures="0" time="7.298" errors="0" skipped="0" tests="4" name="es.dgoj.rgiaj.ws.JuegoRGIAJTest">
  <properties>
    <property name="java.runtime.name" value="Java(TM) SE Runtime Environment"/>
    <property name="sun.boot.library.path" value="C:\Herramientas\jdk160_18\jre\bin"/>
    <property name="java.vm.version" value="16.0-b13"/>
    <property name="java.vm.vendor" value="Sun Microsystems Inc."/>
    <property name="java.vendor.url" value="http://java.sun.com/"/>
    <property name="path.separator" value=";"/>
    <property name="java.vm.name" value="Java HotSpot(TM) Client VM"/>
    <property name="file.encoding.pkg" value="sun.io"/>
    <property name="user.country" value="ES"/>
    <property name="sun.java.launcher" value="SUN_STANDARD"/>
    <property name="sun.os.patch.level" value="Service Pack 1"/>
    <property name="java.vm.specification.name" value="Java Virtual Machine Specification"/>
    <property name="user.dir" value="C:\Herramientas\WORKSPACES\RGIAJ-CCAA-Worspace-SVN\ws-rgiaj-in-ccaa"/>
    <property name="java.runtime.version" value="1.6.0_18-b07"/>
    <property name="java.awt.graphicsenv" value="sun.awt.Win32GraphicsEnvironment"/>
    <property name="basedir" value="C:\Herramientas\WORKSPACES\RGIAJ-CCAA-Worspace-SVN\ws-rgiaj-in-ccaa"/>
    <property name="java.endorsed.dirs" value="C:\Herramientas\jdk160_18\jre\lib\endorsed"/>
    <property name="os.arch" value="x86"/>
    <property name="surefire.real.class.path" value="C:\Herramientas\WORKSPACES\RGIAJ-CCAA-Worspace-SVN\ws-rgiaj-in-ccaa\target\surefire\surefirebooter2448855227670050917.jar"/>
    <property name="java.io.tmpdir" value="C:\Users\YLOPEZ~1\AppData\Local\Temp\"/>
    <property name="line.separator" value="
"/>
    <property name="java.vm.specification.vendor" value="Sun Microsystems Inc."/>
    <property name="user.variant" value=""/>
    <property name="os.name" value="Windows 7"/>
    <property name="sun.jnu.encoding" value="Cp1252"/>
    <property name="java.library.path" value="C:\Herramientas\jdk160_18\jre\bin;.;C:\Windows\Sun\Java\bin;C:\Windows\system32;C:\Windows;C:/Program Files (x86)/Java/jre7/bin/client;C:/Program Files (x86)/Java/jre7/bin;C:/Program Files (x86)/Java/jre7/lib/i386;C:\app\product\11.2.0\client_1\bin;C:\Program Files\Common Files\Microsoft Shared\Windows Live;C:\Program Files (x86)\Common Files\Microsoft Shared\Windows Live;C:\Program Files (x86)\Intel\iCLS Client\;C:\Program Files\Intel\iCLS Client\;c:\Program Files (x86)\AMD APP\bin\x86_64;c:\Program Files (x86)\AMD APP\bin\x86;C:\Windows\system32;C:\Windows;C:\Windows\System32\Wbem;C:\Windows\System32\WindowsPowerShell\v1.0\;c:\Program Files (x86)\ATI Technologies\ATI.ACE\Core-Static;C:\Program Files\Intel\Intel(R) Management Engine Components\DAL;C:\Program Files\Intel\Intel(R) Management Engine Components\IPT;C:\Program Files (x86)\Intel\Intel(R) Management Engine Components\DAL;C:\Program Files (x86)\Intel\Intel(R) Management Engine Components\IPT;C:\Program Files\Dell\Dell Data Protection\Access\Advanced\Wave\Gemalto\Access Client\v5\;C:\Program Files (x86)\Security Innovation\SI TSS\bin\;C:\Program Files (x86)\Windows Live\Shared;C:\Program Files\VanDyke Software\Clients\;C:\Program Files\TortoiseSVN\bin;C:\Herramientas\eclipse-4.0;"/>
    <property name="surefire.test.class.path" value="C:\Herramientas\WORKSPACES\RGIAJ-CCAA-Worspace-SVN\ws-rgiaj-in-ccaa\target\test-classes;C:\Herramientas\WORKSPACES\RGIAJ-CCAA-Worspace-SVN\ws-rgiaj-in-ccaa\target\classes;C:\Herramientas\.repo\com\dgoj\dgoj-core\1.3.0-RELEASE\dgoj-core-1.3.0-RELEASE.jar;C:\Herramientas\.repo\com\jeveris\j-everis-core\3.0.3-RELEASE\j-everis-core-3.0.3-RELEASE.jar;C:\Herramientas\.repo\org\aspectj\aspectjweaver\1.6.8\aspectjweaver-1.6.8.jar;C:\Herramientas\.repo\org\aspectj\aspectjrt\1.6.8\aspectjrt-1.6.8.jar;C:\Herramientas\.repo\cglib\cglib\2.2.2\cglib-2.2.2.jar;C:\Herramientas\.repo\commons-codec\commons-codec\1.4\commons-codec-1.4.jar;C:\Herramientas\.repo\org\slf4j\jcl-over-slf4j\1.6.6\jcl-over-slf4j-1.6.6.jar;C:\Herramientas\.repo\org\slf4j\slf4j-api\1.6.6\slf4j-api-1.6.6.jar;C:\Herramientas\.repo\org\slf4j\slf4j-log4j12\1.6.6\slf4j-log4j12-1.6.6.jar;C:\Herramientas\.repo\log4j\log4j\1.2.17\log4j-1.2.17.jar;C:\Herramientas\.repo\commons-logging\commons-logging\1.1.1\commons-logging-1.1.1.jar;C:\Herramientas\.repo\com\dgoj\dgoj-web-sprmvc\1.3.0-RELEASE\dgoj-web-sprmvc-1.3.0-RELEASE.jar;C:\Herramientas\.repo\org\springframework\spring-webmvc\3.1.3.RELEASE\spring-webmvc-3.1.3.RELEASE.jar;C:\Herramientas\.repo\org\springframework\spring-context-support\3.1.3.RELEASE\spring-context-support-3.1.3.RELEASE.jar;C:\Herramientas\.repo\org\codehaus\jackson\jackson-mapper-asl\1.9.9\jackson-mapper-asl-1.9.9.jar;C:\Herramientas\.repo\org\codehaus\jackson\jackson-core-asl\1.9.9\jackson-core-asl-1.9.9.jar;C:\Herramientas\.repo\com\jeveris\j-everis-ws\3.0.3-RELEASE\j-everis-ws-3.0.3-RELEASE.jar;C:\Herramientas\.repo\org\apache\cxf\cxf-api\2.7.0\cxf-api-2.7.0.jar;C:\Herramientas\.repo\org\codehaus\woodstox\woodstox-core-asl\4.1.4\woodstox-core-asl-4.1.4.jar;C:\Herramientas\.repo\org\codehaus\woodstox\stax2-api\3.1.1\stax2-api-3.1.1.jar;C:\Herramientas\.repo\org\apache\ws\xmlschema\xmlschema-core\2.0.3\xmlschema-core-2.0.3.jar;C:\Herramientas\.repo\org\apache\geronimo\specs\geronimo-javamail_1.4_spec\1.7.1\geronimo-javamail_1.4_spec-1.7.1.jar;C:\Herramientas\.repo\wsdl4j\wsdl4j\1.6.2\wsdl4j-1.6.2.jar;C:\Herramientas\.repo\org\apache\cxf\cxf-rt-core\2.7.0\cxf-rt-core-2.7.0.jar;C:\Herramientas\.repo\com\sun\xml\bind\jaxb-impl\2.1.13\jaxb-impl-2.1.13.jar;C:\Herramientas\.repo\org\apache\cxf\cxf-rt-transports-local\2.7.0\cxf-rt-transports-local-2.7.0.jar;C:\Herramientas\.repo\org\apache\cxf\cxf-rt-transports-http\2.7.0\cxf-rt-transports-http-2.7.0.jar;C:\Herramientas\.repo\org\apache\cxf\cxf-rt-frontend-jaxws\2.7.0\cxf-rt-frontend-jaxws-2.7.0.jar;C:\Herramientas\.repo\xml-resolver\xml-resolver\1.2\xml-resolver-1.2.jar;C:\Herramientas\.repo\asm\asm\3.3.1\asm-3.3.1.jar;C:\Herramientas\.repo\org\apache\cxf\cxf-rt-bindings-soap\2.7.0\cxf-rt-bindings-soap-2.7.0.jar;C:\Herramientas\.repo\org\apache\cxf\cxf-rt-databinding-jaxb\2.7.0\cxf-rt-databinding-jaxb-2.7.0.jar;C:\Herramientas\.repo\org\apache\cxf\cxf-rt-bindings-xml\2.7.0\cxf-rt-bindings-xml-2.7.0.jar;C:\Herramientas\.repo\org\apache\cxf\cxf-rt-frontend-simple\2.7.0\cxf-rt-frontend-simple-2.7.0.jar;C:\Herramientas\.repo\org\apache\cxf\cxf-rt-ws-addr\2.7.0\cxf-rt-ws-addr-2.7.0.jar;C:\Herramientas\.repo\org\apache\cxf\cxf-rt-ws-policy\2.7.0\cxf-rt-ws-policy-2.7.0.jar;C:\Herramientas\.repo\org\apache\neethi\neethi\3.0.2\neethi-3.0.2.jar;C:\Herramientas\.repo\org\apache\cxf\cxf-rt-ws-security\2.7.0\cxf-rt-ws-security-2.7.0.jar;C:\Herramientas\.repo\net\sf\ehcache\ehcache-core\2.5.1\ehcache-core-2.5.1.jar;C:\Herramientas\.repo\com\jeveris\j-everis-persistence-hibernate\3.0.3-RELEASE\j-everis-persistence-hibernate-3.0.3-RELEASE.jar;C:\Herramientas\.repo\com\jeveris\j-everis-persistence-core\3.0.3-RELEASE\j-everis-persistence-core-3.0.3-RELEASE.jar;C:\Herramientas\.repo\org\springframework\spring-orm\3.1.3.RELEASE\spring-orm-3.1.3.RELEASE.jar;C:\Herramientas\.repo\org\hibernate\hibernate-core\4.1.8.Final\hibernate-core-4.1.8.Final.jar;C:\Herramientas\.repo\antlr\antlr\2.7.7\antlr-2.7.7.jar;C:\Herramientas\.repo\org\jboss\logging\jboss-logging\3.1.0.GA\jboss-logging-3.1.0.GA.jar;C:\Herramientas\.repo\org\jboss\spec\javax\transaction\jboss-transaction-api_1.1_spec\1.0.0.Final\jboss-transaction-api_1.1_spec-1.0.0.Final.jar;C:\Herramientas\.repo\dom4j\dom4j\1.6.1\dom4j-1.6.1.jar;C:\Herramientas\.repo\org\hibernate\javax\persistence\hibernate-jpa-2.0-api\1.0.1.Final\hibernate-jpa-2.0-api-1.0.1.Final.jar;C:\Herramientas\.repo\org\hibernate\common\hibernate-commons-annotations\4.0.1.Final\hibernate-commons-annotations-4.0.1.Final.jar;C:\Herramientas\.repo\org\javassist\javassist\3.15.0-GA\javassist-3.15.0-GA.jar;C:\Herramientas\.repo\com\mysema\querydsl\querydsl-apt\2.8.2\querydsl-apt-2.8.2.jar;C:\Herramientas\.repo\com\mysema\querydsl\querydsl-codegen\2.8.2\querydsl-codegen-2.8.2.jar;C:\Herramientas\.repo\com\mysema\codegen\codegen\0.5.5\codegen-0.5.5.jar;C:\Herramientas\.repo\org\eclipse\jdt\core\compiler\ecj\3.7.2\ecj-3.7.2.jar;C:\Herramientas\.repo\javax\inject\javax.inject\1\javax.inject-1.jar;C:\Herramientas\.repo\com\mysema\querydsl\querydsl-jpa\2.8.2\querydsl-jpa-2.8.2.jar;C:\Herramientas\.repo\com\mysema\querydsl\querydsl-core\2.8.2\querydsl-core-2.8.2.jar;C:\Herramientas\.repo\com\google\guava\guava\11.0.2\guava-11.0.2.jar;C:\Herramientas\.repo\com\google\code\findbugs\jsr305\1.3.9\jsr305-1.3.9.jar;C:\Herramientas\.repo\com\mysema\commons\mysema-commons-lang\0.2.4\mysema-commons-lang-0.2.4.jar;C:\Herramientas\.repo\junit\junit\4.9\junit-4.9.jar;C:\Herramientas\.repo\org\hamcrest\hamcrest-core\1.1\hamcrest-core-1.1.jar;C:\Herramientas\.repo\org\springframework\spring-test\3.1.3.RELEASE\spring-test-3.1.3.RELEASE.jar;C:\Herramientas\.repo\org\springframework\spring-beans\3.1.3.RELEASE\spring-beans-3.1.3.RELEASE.jar;C:\Herramientas\.repo\org\springframework\spring-core\3.1.3.RELEASE\spring-core-3.1.3.RELEASE.jar;C:\Herramientas\.repo\org\springframework\spring-asm\3.1.3.RELEASE\spring-asm-3.1.3.RELEASE.jar;C:\Herramientas\.repo\org\springframework\spring-aop\3.1.3.RELEASE\spring-aop-3.1.3.RELEASE.jar;C:\Herramientas\.repo\aopalliance\aopalliance\1.0\aopalliance-1.0.jar;C:\Herramientas\.repo\org\springframework\spring-jdbc\3.1.3.RELEASE\spring-jdbc-3.1.3.RELEASE.jar;C:\Herramientas\.repo\org\springframework\spring-tx\3.1.3.RELEASE\spring-tx-3.1.3.RELEASE.jar;C:\Herramientas\.repo\org\springframework\spring-web\3.1.3.RELEASE\spring-web-3.1.3.RELEASE.jar;C:\Herramientas\.repo\org\springframework\spring-context\3.1.3.RELEASE\spring-context-3.1.3.RELEASE.jar;C:\Herramientas\.repo\org\springframework\spring-expression\3.1.3.RELEASE\spring-expression-3.1.3.RELEASE.jar;C:\Herramientas\.repo\javax\servlet\servlet-api\2.5\servlet-api-2.5.jar;C:\Herramientas\.repo\com\oracle\ucp\11.2.0.1.0\ucp-11.2.0.1.0.jar;C:\Herramientas\.repo\com\oracle\ojdbc6\11.2.0.1.0\ojdbc6-11.2.0.1.0.jar;C:\Herramientas\.repo\org\apache\ws\security\wss4j\1.6.9\wss4j-1.6.9.jar;C:\Herramientas\.repo\org\apache\santuario\xmlsec\1.5.3\xmlsec-1.5.3.jar;C:\Herramientas\.repo\org\opensaml\opensaml\2.5.1-1\opensaml-2.5.1-1.jar;C:\Herramientas\.repo\org\opensaml\openws\1.4.2-1\openws-1.4.2-1.jar;C:\Herramientas\.repo\org\opensaml\xmltooling\1.3.2-1\xmltooling-1.3.2-1.jar;C:\Herramientas\.repo\joda-time\joda-time\1.6.2\joda-time-1.6.2.jar;"/>
    <property name="java.specification.name" value="Java Platform API Specification"/>
    <property name="java.class.version" value="50.0"/>
    <property name="sun.management.compiler" value="HotSpot Client Compiler"/>
    <property name="os.version" value="6.1"/>
    <property name="user.home" value="C:\Users\ylopezconnectis"/>
    <property name="user.timezone" value="Europe/Paris"/>
    <property name="java.awt.printerjob" value="sun.awt.windows.WPrinterJob"/>
    <property name="java.specification.version" value="1.6"/>
    <property name="file.encoding" value="Cp1252"/>
    <property name="user.name" value="ylopezconnectis"/>
    <property name="java.class.path" value="C:\Herramientas\WORKSPACES\RGIAJ-CCAA-Worspace-SVN\ws-rgiaj-in-ccaa\target\test-classes;C:\Herramientas\WORKSPACES\RGIAJ-CCAA-Worspace-SVN\ws-rgiaj-in-ccaa\target\classes;C:\Herramientas\.repo\com\dgoj\dgoj-core\1.3.0-RELEASE\dgoj-core-1.3.0-RELEASE.jar;C:\Herramientas\.repo\com\jeveris\j-everis-core\3.0.3-RELEASE\j-everis-core-3.0.3-RELEASE.jar;C:\Herramientas\.repo\org\aspectj\aspectjweaver\1.6.8\aspectjweaver-1.6.8.jar;C:\Herramientas\.repo\org\aspectj\aspectjrt\1.6.8\aspectjrt-1.6.8.jar;C:\Herramientas\.repo\cglib\cglib\2.2.2\cglib-2.2.2.jar;C:\Herramientas\.repo\commons-codec\commons-codec\1.4\commons-codec-1.4.jar;C:\Herramientas\.repo\org\slf4j\jcl-over-slf4j\1.6.6\jcl-over-slf4j-1.6.6.jar;C:\Herramientas\.repo\org\slf4j\slf4j-api\1.6.6\slf4j-api-1.6.6.jar;C:\Herramientas\.repo\org\slf4j\slf4j-log4j12\1.6.6\slf4j-log4j12-1.6.6.jar;C:\Herramientas\.repo\log4j\log4j\1.2.17\log4j-1.2.17.jar;C:\Herramientas\.repo\commons-logging\commons-logging\1.1.1\commons-logging-1.1.1.jar;C:\Herramientas\.repo\com\dgoj\dgoj-web-sprmvc\1.3.0-RELEASE\dgoj-web-sprmvc-1.3.0-RELEASE.jar;C:\Herramientas\.repo\org\springframework\spring-webmvc\3.1.3.RELEASE\spring-webmvc-3.1.3.RELEASE.jar;C:\Herramientas\.repo\org\springframework\spring-context-support\3.1.3.RELEASE\spring-context-support-3.1.3.RELEASE.jar;C:\Herramientas\.repo\org\codehaus\jackson\jackson-mapper-asl\1.9.9\jackson-mapper-asl-1.9.9.jar;C:\Herramientas\.repo\org\codehaus\jackson\jackson-core-asl\1.9.9\jackson-core-asl-1.9.9.jar;C:\Herramientas\.repo\com\jeveris\j-everis-ws\3.0.3-RELEASE\j-everis-ws-3.0.3-RELEASE.jar;C:\Herramientas\.repo\org\apache\cxf\cxf-api\2.7.0\cxf-api-2.7.0.jar;C:\Herramientas\.repo\org\codehaus\woodstox\woodstox-core-asl\4.1.4\woodstox-core-asl-4.1.4.jar;C:\Herramientas\.repo\org\codehaus\woodstox\stax2-api\3.1.1\stax2-api-3.1.1.jar;C:\Herramientas\.repo\org\apache\ws\xmlschema\xmlschema-core\2.0.3\xmlschema-core-2.0.3.jar;C:\Herramientas\.repo\org\apache\geronimo\specs\geronimo-javamail_1.4_spec\1.7.1\geronimo-javamail_1.4_spec-1.7.1.jar;C:\Herramientas\.repo\wsdl4j\wsdl4j\1.6.2\wsdl4j-1.6.2.jar;C:\Herramientas\.repo\org\apache\cxf\cxf-rt-core\2.7.0\cxf-rt-core-2.7.0.jar;C:\Herramientas\.repo\com\sun\xml\bind\jaxb-impl\2.1.13\jaxb-impl-2.1.13.jar;C:\Herramientas\.repo\org\apache\cxf\cxf-rt-transports-local\2.7.0\cxf-rt-transports-local-2.7.0.jar;C:\Herramientas\.repo\org\apache\cxf\cxf-rt-transports-http\2.7.0\cxf-rt-transports-http-2.7.0.jar;C:\Herramientas\.repo\org\apache\cxf\cxf-rt-frontend-jaxws\2.7.0\cxf-rt-frontend-jaxws-2.7.0.jar;C:\Herramientas\.repo\xml-resolver\xml-resolver\1.2\xml-resolver-1.2.jar;C:\Herramientas\.repo\asm\asm\3.3.1\asm-3.3.1.jar;C:\Herramientas\.repo\org\apache\cxf\cxf-rt-bindings-soap\2.7.0\cxf-rt-bindings-soap-2.7.0.jar;C:\Herramientas\.repo\org\apache\cxf\cxf-rt-databinding-jaxb\2.7.0\cxf-rt-databinding-jaxb-2.7.0.jar;C:\Herramientas\.repo\org\apache\cxf\cxf-rt-bindings-xml\2.7.0\cxf-rt-bindings-xml-2.7.0.jar;C:\Herramientas\.repo\org\apache\cxf\cxf-rt-frontend-simple\2.7.0\cxf-rt-frontend-simple-2.7.0.jar;C:\Herramientas\.repo\org\apache\cxf\cxf-rt-ws-addr\2.7.0\cxf-rt-ws-addr-2.7.0.jar;C:\Herramientas\.repo\org\apache\cxf\cxf-rt-ws-policy\2.7.0\cxf-rt-ws-policy-2.7.0.jar;C:\Herramientas\.repo\org\apache\neethi\neethi\3.0.2\neethi-3.0.2.jar;C:\Herramientas\.repo\org\apache\cxf\cxf-rt-ws-security\2.7.0\cxf-rt-ws-security-2.7.0.jar;C:\Herramientas\.repo\net\sf\ehcache\ehcache-core\2.5.1\ehcache-core-2.5.1.jar;C:\Herramientas\.repo\com\jeveris\j-everis-persistence-hibernate\3.0.3-RELEASE\j-everis-persistence-hibernate-3.0.3-RELEASE.jar;C:\Herramientas\.repo\com\jeveris\j-everis-persistence-core\3.0.3-RELEASE\j-everis-persistence-core-3.0.3-RELEASE.jar;C:\Herramientas\.repo\org\springframework\spring-orm\3.1.3.RELEASE\spring-orm-3.1.3.RELEASE.jar;C:\Herramientas\.repo\org\hibernate\hibernate-core\4.1.8.Final\hibernate-core-4.1.8.Final.jar;C:\Herramientas\.repo\antlr\antlr\2.7.7\antlr-2.7.7.jar;C:\Herramientas\.repo\org\jboss\logging\jboss-logging\3.1.0.GA\jboss-logging-3.1.0.GA.jar;C:\Herramientas\.repo\org\jboss\spec\javax\transaction\jboss-transaction-api_1.1_spec\1.0.0.Final\jboss-transaction-api_1.1_spec-1.0.0.Final.jar;C:\Herramientas\.repo\dom4j\dom4j\1.6.1\dom4j-1.6.1.jar;C:\Herramientas\.repo\org\hibernate\javax\persistence\hibernate-jpa-2.0-api\1.0.1.Final\hibernate-jpa-2.0-api-1.0.1.Final.jar;C:\Herramientas\.repo\org\hibernate\common\hibernate-commons-annotations\4.0.1.Final\hibernate-commons-annotations-4.0.1.Final.jar;C:\Herramientas\.repo\org\javassist\javassist\3.15.0-GA\javassist-3.15.0-GA.jar;C:\Herramientas\.repo\com\mysema\querydsl\querydsl-apt\2.8.2\querydsl-apt-2.8.2.jar;C:\Herramientas\.repo\com\mysema\querydsl\querydsl-codegen\2.8.2\querydsl-codegen-2.8.2.jar;C:\Herramientas\.repo\com\mysema\codegen\codegen\0.5.5\codegen-0.5.5.jar;C:\Herramientas\.repo\org\eclipse\jdt\core\compiler\ecj\3.7.2\ecj-3.7.2.jar;C:\Herramientas\.repo\javax\inject\javax.inject\1\javax.inject-1.jar;C:\Herramientas\.repo\com\mysema\querydsl\querydsl-jpa\2.8.2\querydsl-jpa-2.8.2.jar;C:\Herramientas\.repo\com\mysema\querydsl\querydsl-core\2.8.2\querydsl-core-2.8.2.jar;C:\Herramientas\.repo\com\google\guava\guava\11.0.2\guava-11.0.2.jar;C:\Herramientas\.repo\com\google\code\findbugs\jsr305\1.3.9\jsr305-1.3.9.jar;C:\Herramientas\.repo\com\mysema\commons\mysema-commons-lang\0.2.4\mysema-commons-lang-0.2.4.jar;C:\Herramientas\.repo\junit\junit\4.9\junit-4.9.jar;C:\Herramientas\.repo\org\hamcrest\hamcrest-core\1.1\hamcrest-core-1.1.jar;C:\Herramientas\.repo\org\springframework\spring-test\3.1.3.RELEASE\spring-test-3.1.3.RELEASE.jar;C:\Herramientas\.repo\org\springframework\spring-beans\3.1.3.RELEASE\spring-beans-3.1.3.RELEASE.jar;C:\Herramientas\.repo\org\springframework\spring-core\3.1.3.RELEASE\spring-core-3.1.3.RELEASE.jar;C:\Herramientas\.repo\org\springframework\spring-asm\3.1.3.RELEASE\spring-asm-3.1.3.RELEASE.jar;C:\Herramientas\.repo\org\springframework\spring-aop\3.1.3.RELEASE\spring-aop-3.1.3.RELEASE.jar;C:\Herramientas\.repo\aopalliance\aopalliance\1.0\aopalliance-1.0.jar;C:\Herramientas\.repo\org\springframework\spring-jdbc\3.1.3.RELEASE\spring-jdbc-3.1.3.RELEASE.jar;C:\Herramientas\.repo\org\springframework\spring-tx\3.1.3.RELEASE\spring-tx-3.1.3.RELEASE.jar;C:\Herramientas\.repo\org\springframework\spring-web\3.1.3.RELEASE\spring-web-3.1.3.RELEASE.jar;C:\Herramientas\.repo\org\springframework\spring-context\3.1.3.RELEASE\spring-context-3.1.3.RELEASE.jar;C:\Herramientas\.repo\org\springframework\spring-expression\3.1.3.RELEASE\spring-expression-3.1.3.RELEASE.jar;C:\Herramientas\.repo\javax\servlet\servlet-api\2.5\servlet-api-2.5.jar;C:\Herramientas\.repo\com\oracle\ucp\11.2.0.1.0\ucp-11.2.0.1.0.jar;C:\Herramientas\.repo\com\oracle\ojdbc6\11.2.0.1.0\ojdbc6-11.2.0.1.0.jar;C:\Herramientas\.repo\org\apache\ws\security\wss4j\1.6.9\wss4j-1.6.9.jar;C:\Herramientas\.repo\org\apache\santuario\xmlsec\1.5.3\xmlsec-1.5.3.jar;C:\Herramientas\.repo\org\opensaml\opensaml\2.5.1-1\opensaml-2.5.1-1.jar;C:\Herramientas\.repo\org\opensaml\openws\1.4.2-1\openws-1.4.2-1.jar;C:\Herramientas\.repo\org\opensaml\xmltooling\1.3.2-1\xmltooling-1.3.2-1.jar;C:\Herramientas\.repo\joda-time\joda-time\1.6.2\joda-time-1.6.2.jar;"/>
    <property name="java.vm.specification.version" value="1.0"/>
    <property name="sun.arch.data.model" value="32"/>
    <property name="java.home" value="C:\Herramientas\jdk160_18\jre"/>
    <property name="java.specification.vendor" value="Sun Microsystems Inc."/>
    <property name="user.language" value="es"/>
    <property name="awt.toolkit" value="sun.awt.windows.WToolkit"/>
    <property name="java.vm.info" value="mixed mode"/>
    <property name="java.version" value="1.6.0_18"/>
    <property name="java.ext.dirs" value="C:\Herramientas\jdk160_18\jre\lib\ext;C:\Windows\Sun\Java\lib\ext"/>
    <property name="sun.boot.class.path" value="C:\Herramientas\jdk160_18\jre\lib\resources.jar;C:\Herramientas\jdk160_18\jre\lib\rt.jar;C:\Herramientas\jdk160_18\jre\lib\sunrsasign.jar;C:\Herramientas\jdk160_18\jre\lib\jsse.jar;C:\Herramientas\jdk160_18\jre\lib\jce.jar;C:\Herramientas\jdk160_18\jre\lib\charsets.jar;C:\Herramientas\jdk160_18\jre\classes"/>
    <property name="java.vendor" value="Sun Microsystems Inc."/>
    <property name="localRepository" value="C:\Herramientas\.repo"/>
    <property name="file.separator" value="\"/>
    <property name="java.vendor.url.bug" value="http://java.sun.com/cgi-bin/bugreport.cgi"/>
    <property name="sun.cpu.endian" value="little"/>
    <property name="sun.io.unicode.encoding" value="UnicodeLittle"/>
    <property name="sun.desktop" value="windows"/>
    <property name="sun.cpu.isalist" value="pentium_pro+mmx pentium_pro pentium+mmx pentium i486 i386 i86"/>
  </properties>
  <testcase time="3.119" classname="es.dgoj.rgiaj.ws.JuegoRGIAJTest" name="testGetListaProhibidosCompleta"/>
  <testcase time="3.686" classname="es.dgoj.rgiaj.ws.JuegoRGIAJTest" name="testGetListaProhibidosCompletaComunidadNoValida"/>
  <testcase time="0.189" classname="es.dgoj.rgiaj.ws.JuegoRGIAJTest" name="testGetListaProhibidosIncrementalSinNumeroRegistroComunidadValida"/>
  <testcase time="0.233" classname="es.dgoj.rgiaj.ws.JuegoRGIAJTest" name="testGetListaProhibidosIncrementalConNumeroRegistroComunidadValida"/>
</testsuite>